d:\programing\c++\image processing\map\opencv\opencv\x64\debug\vc140.pdb
d:\programing\c++\image processing\map\opencv\opencv\x64\debug\vc140.idb
d:\programing\c++\image processing\map\opencv\opencv\x64\debug\source.obj
d:\programing\c++\image processing\cars\opencv\opencv\x64\debug\vc140.pdb
d:\programing\c++\image processing\cars\opencv\opencv\x64\debug\vc140.idb
d:\programing\c++\image processing\cars\opencv\opencv\x64\debug\blob.obj
d:\programing\c++\image processing\cars\opencv\opencv\x64\debug\source.obj
d:\programing\c++\image processing\map\opencv\x64\debug\opencv.ilk
d:\programing\c++\image processing\map\opencv\x64\debug\opencv.exe
d:\programing\c++\image processing\map\opencv\x64\debug\opencv.pdb
d:\programing\c++\image processing\cars\opencv\x64\debug\opencv.ilk
d:\programing\c++\image processing\cars\opencv\x64\debug\opencv.exe
d:\programing\c++\image processing\cars\opencv\x64\debug\opencv.pdb
d:\programing\c++\image processing\cars\opencv\opencv\x64\debug\source.obj.enc
d:\programing\c++\image processing\cars\opencv\opencv\x64\debug\opencv.tlog\cl.command.1.tlog
d:\programing\c++\image processing\cars\opencv\opencv\x64\debug\opencv.tlog\cl.read.1.tlog
d:\programing\c++\image processing\cars\opencv\opencv\x64\debug\opencv.tlog\cl.write.1.tlog
d:\programing\c++\image processing\cars\opencv\opencv\x64\debug\opencv.tlog\link.command.1.tlog
d:\programing\c++\image processing\cars\opencv\opencv\x64\debug\opencv.tlog\link.read.1.tlog
d:\programing\c++\image processing\cars\opencv\opencv\x64\debug\opencv.tlog\link.write.1.tlog
